<?xml version="1.0" encoding="utf-8"?><testsuites><testsuite name="pytest" errors="0" failures="0" skipped="0" tests="11" time="1.735" timestamp="2022-02-10T14:12:56.969375" hostname="DESKTOP-3RQPN29"><testcase classname="tests.test_addition" name="test_add" file="tests\test_addition.py" line="10" time="0.003" /><testcase classname="tests.test_addition" name="test_add_string" file="tests\test_addition.py" line="21" time="0.001" /><testcase classname="tests.test_division" name="test_divide" file="tests\test_division.py" line="4" time="0.002" /><testcase classname="tests.test_division" name="test_divide_by_zero" file="tests\test_division.py" line="9" time="0.001" /><testcase classname="tests.test_division" name="test_divide_string" file="tests\test_division.py" line="14" time="0.001" /><testcase classname="tests.test_division" name="test_example_is_working[chromium]" file="tests\test_division.py" line="18" time="1.488" /><testcase classname="tests.test_multiplication" name="test_multiply" file="tests\test_multiplication.py" line="9" time="0.001" /><testcase classname="tests.test_multiplication" name="test_multiply_string" file="tests\test_multiplication.py" line="20" time="0.002" /><testcase classname="tests.test_subtraction" name="test_subtract_positive" file="tests\test_subtraction.py" line="4" time="0.002" /><testcase classname="tests.test_subtraction" name="test_subtract_negative" file="tests\test_subtraction.py" line="9" time="0.002" /><testcase classname="tests.test_subtraction" name="test_subtract_string" file="tests\test_subtraction.py" line="14" time="0.063" /></testsuite></testsuites>